# JRE version: OpenJDK Runtime Environment Microsoft-10800295 (17.0.14+7) (build 17.0.14+7-LTS)
# Java VM: OpenJDK 64-Bit Server VM Microsoft-10800295 (17.0.14+7-LTS, mixed mode, sharing, tiered, compressed oops, compressed class ptrs, g1 gc, windows-amd64)
GC Precious Log:
 CPUs: 16 total, 16 available
 Memory: 5989M
 Large Page Support: Disabled
 NUMA Support: Disabled
 Compressed Oops: Enabled (32-bit)
 Heap Region Size: 1M
 Heap Min Capacity: 8M
 Heap Initial Capacity: 94M
 Heap Max Capacity: 1498M
 Pre-touch: Disabled
 Parallel Workers: 13
 Concurrent Workers: 3
 Concurrent Refinement Workers: 13
 Periodic GC: Disabled
Heap:
 garbage-first heap   total 83968K, used 61205K [0x00000000a2600000, 0x0000000100000000)
  region size 1024K, 31 young (31744K), 2 survivors (2048K)
 Metaspace       used 74672K, committed 75328K, reserved 1114112K
  class space    used 10253K, committed 10560K, reserved 1048576K
GC Heap History (20 events):
Event: 13.006 GC heap before
{Heap before GC invocations=12 (full 0):
 garbage-first heap   total 55296K, used 41867K [0x00000000a2600000, 0x0000000100000000)
  region size 1024K, 20 young (20480K), 1 survivors (1024K)
 Metaspace       used 45076K, committed 45568K, reserved 1114112K
  class space    used 6035K, committed 6272K, reserved 1048576K
}
Event: 13.008 GC heap after
{Heap after GC invocations=13 (full 0):
 garbage-first heap   total 83968K, used 23191K [0x00000000a2600000, 0x0000000100000000)
  region size 1024K, 2 young (2048K), 2 survivors (2048K)
 Metaspace       used 45076K, committed 45568K, reserved 1114112K
  class space    used 6035K, committed 6272K, reserved 1048576K
}
Event: 14.056 GC heap before
{Heap before GC invocations=13 (full 0):
 garbage-first heap   total 83968K, used 63127K [0x00000000a2600000, 0x0000000100000000)
  region size 1024K, 41 young (41984K), 2 survivors (2048K)
 Metaspace       used 55650K, committed 56256K, reserved 1114112K
  class space    used 7537K, committed 7808K, reserved 1048576K
}
Event: 14.058 GC heap after
{Heap after GC invocations=14 (full 0):
 garbage-first heap   total 83968K, used 24881K [0x00000000a2600000, 0x0000000100000000)
  region size 1024K, 3 young (3072K), 3 survivors (3072K)
 Metaspace       used 55650K, committed 56256K, reserved 1114112K
  class space    used 7537K, committed 7808K, reserved 1048576K
}
Event: 14.453 GC heap before
{Heap before GC invocations=14 (full 0):
 garbage-first heap   total 83968K, used 43313K [0x00000000a2600000, 0x0000000100000000)
  region size 1024K, 22 young (22528K), 3 survivors (3072K)
 Metaspace       used 59587K, committed 60096K, reserved 1114112K
  class space    used 8191K, committed 8448K, reserved 1048576K
}
Event: 14.456 GC heap after
{Heap after GC invocations=15 (full 0):
 garbage-first heap   total 83968K, used 25605K [0x00000000a2600000, 0x0000000100000000)
  region size 1024K, 4 young (4096K), 4 survivors (4096K)
 Metaspace       used 59587K, committed 60096K, reserved 1114112K
  class space    used 8191K, committed 8448K, reserved 1048576K
}
Event: 15.813 GC heap before
{Heap before GC invocations=16 (full 0):
 garbage-first heap   total 83968K, used 65541K [0x00000000a2600000, 0x0000000100000000)
  region size 1024K, 43 young (44032K), 4 survivors (4096K)
 Metaspace       used 66024K, committed 66688K, reserved 1114112K
  class space    used 9127K, committed 9472K, reserved 1048576K
}
Event: 15.818 GC heap after
{Heap after GC invocations=17 (full 0):
 garbage-first heap   total 83968K, used 28892K [0x00000000a2600000, 0x0000000100000000)
  region size 1024K, 6 young (6144K), 6 survivors (6144K)
 Metaspace       used 66024K, committed 66688K, reserved 1114112K
  class space    used 9127K, committed 9472K, reserved 1048576K
}
Event: 15.850 GC heap before
{Heap before GC invocations=17 (full 0):
 garbage-first heap   total 83968K, used 29916K [0x00000000a2600000, 0x0000000100000000)
  region size 1024K, 7 young (7168K), 6 survivors (6144K)
 Metaspace       used 66150K, committed 66816K, reserved 1114112K
  class space    used 9146K, committed 9472K, reserved 1048576K
}
Event: 15.854 GC heap after
{Heap after GC invocations=18 (full 0):
 garbage-first heap   total 83968K, used 29333K [0x00000000a2600000, 0x0000000100000000)
  region size 1024K, 1 young (1024K), 1 survivors (1024K)
 Metaspace       used 66150K, committed 66816K, reserved 1114112K
  class space    used 9146K, committed 9472K, reserved 1048576K
}
Event: 31.997 GC heap before
{Heap before GC invocations=18 (full 0):
 garbage-first heap   total 83968K, used 65173K [0x00000000a2600000, 0x0000000100000000)
  region size 1024K, 37 young (37888K), 1 survivors (1024K)
 Metaspace       used 73093K, committed 73728K, reserved 1114112K
  class space    used 10134K, committed 10432K, reserved 1048576K
}
Event: 32.002 GC heap after
{Heap after GC invocations=19 (full 0):
 garbage-first heap   total 83968K, used 31404K [0x00000000a2600000, 0x0000000100000000)
  region size 1024K, 3 young (3072K), 3 survivors (3072K)
 Metaspace       used 73093K, committed 73728K, reserved 1114112K
  class space    used 10134K, committed 10432K, reserved 1048576K
}
Event: 656.739 GC heap before
{Heap before GC invocations=19 (full 0):
 garbage-first heap   total 83968K, used 66220K [0x00000000a2600000, 0x0000000100000000)
  region size 1024K, 37 young (37888K), 3 survivors (3072K)
 Metaspace       used 74062K, committed 74752K, reserved 1114112K
  class space    used 10245K, committed 10560K, reserved 1048576K
}
Event: 656.807 GC heap after
{Heap after GC invocations=20 (full 0):
 garbage-first heap   total 83968K, used 32144K [0x00000000a2600000, 0x0000000100000000)
  region size 1024K, 1 young (1024K), 1 survivors (1024K)
 Metaspace       used 74062K, committed 74752K, reserved 1114112K
  class space    used 10245K, committed 10560K, reserved 1048576K
}
Event: 1430.561 GC heap before
{Heap before GC invocations=20 (full 0):
 garbage-first heap   total 83968K, used 66960K [0x00000000a2600000, 0x0000000100000000)
  region size 1024K, 35 young (35840K), 1 survivors (1024K)
 Metaspace       used 74115K, committed 74752K, reserved 1114112K
  class space    used 10246K, committed 10560K, reserved 1048576K
}
Event: 1430.600 GC heap after
{Heap after GC invocations=21 (full 0):
 garbage-first heap   total 83968K, used 32249K [0x00000000a2600000, 0x0000000100000000)
  region size 1024K, 1 young (1024K), 1 survivors (1024K)
 Metaspace       used 74115K, committed 74752K, reserved 1114112K
  class space    used 10246K, committed 10560K, reserved 1048576K
}
Event: 2132.706 GC heap before
{Heap before GC invocations=21 (full 0):
 garbage-first heap   total 83968K, used 68089K [0x00000000a2600000, 0x0000000100000000)
  region size 1024K, 36 young (36864K), 1 survivors (1024K)
 Metaspace       used 74494K, committed 75136K, reserved 1114112K
  class space    used 10252K, committed 10560K, reserved 1048576K
}
Event: 2132.757 GC heap after
{Heap after GC invocations=22 (full 0):
 garbage-first heap   total 83968K, used 32724K [0x00000000a2600000, 0x0000000100000000)
  region size 1024K, 2 young (2048K), 2 survivors (2048K)
 Metaspace       used 74494K, committed 75136K, reserved 1114112K
  class space    used 10252K, committed 10560K, reserved 1048576K
}
Event: 2945.874 GC heap before
{Heap before GC invocations=22 (full 0):
 garbage-first heap   total 83968K, used 68564K [0x00000000a2600000, 0x0000000100000000)
  region size 1024K, 37 young (37888K), 2 survivors (2048K)
 Metaspace       used 74603K, committed 75264K, reserved 1114112K
  class space    used 10252K, committed 10560K, reserved 1048576K
}
Event: 2945.939 GC heap after
{Heap after GC invocations=23 (full 0):
 garbage-first heap   total 83968K, used 32533K [0x00000000a2600000, 0x0000000100000000)
  region size 1024K, 2 young (2048K), 2 survivors (2048K)
 Metaspace       used 74603K, committed 75264K, reserved 1114112K
  class space    used 10252K, committed 10560K, reserved 1048576K
}

